<?xml version="1.0" encoding="UTF-8"?>
<!-- Generated by org.testng.reporters.JUnitXMLReporter -->
<testsuite ignored="0" hostname="LAPTOP-E68UDU61" failures="1" tests="4" name="Test" time="0.062" errors="0" timestamp="17 Jun 2020 11:23:56 GMT">
  <testcase classname="selenium.Remya" name="f" time="0.006"/>
  <testcase classname="selenium.Remya" name="f" time="0.001"/>
  <testcase classname="selenium.Remya" name="fileReadandWrite" time="0.001"/>
  <testcase classname="selenium.Remya" name="parametirization" time="0.0">
    <failure type="org.testng.TestNGException" message="
Parameter &amp;apos;name&amp;apos; is required by @Test on method parametirization but has not been marked @Optional or defined
in C:\Users\hp\eclipse-workspace\myProject\src\test\java\remya.xml">
      <![CDATA[org.testng.TestNGException: 
Parameter 'name' is required by @Test on method parametirization but has not been marked @Optional or defined
in C:\Users\hp\eclipse-workspace\myProject\src\test\java\remya.xml
... Removed 24 stack frames]]>
    </failure>
  </testcase> <!-- parametirization -->
</testsuite> <!-- Test -->
